[+] Containers:
 |- [+] Container: /Game/ThirdPerson/Maps/ThirdPersonMap
 |   |- [+] ActorDescs:
 |   |   |- Guid:058D2F5F4F699F91CF3D51AC3B7D297E BaseClass:/Game/Blueprints/BP_HorizontalPlatform.BP_HorizontalPlatform_C NativeClass:/Script/Engine.Actor Name:BP_HorizontalPlatform_C_UAID_E073E7CB7D4AF96202_1658113808 Label:BP_HorizontalPlatform4 SpatiallyLoaded:1 Bounds:IsValid=true, Min=(X=5210.000 Y=1420.000 Z=-40.000), Max=(X=5910.000 Y=2320.000 Z=60.000) RuntimeGrid:None EditorOnly:0 RuntimeOnly:0 HLODRelevant:0 ListedInSceneOutliner:1 IsMainWorldOnly:0
 |   |   |- Guid:168048374C343D97DD114D9F2A264C07 BaseClass:/Game/Blueprints/BP_HorizontalPlatform.BP_HorizontalPlatform_C NativeClass:/Script/Engine.Actor Name:BP_HorizontalPlatform_C_UAID_E073E7CB7D4A6B6202_1162651819 Label:BP_HorizontalPlatform2 SpatiallyLoaded:1 Bounds:IsValid=true, Min=(X=1100.000 Y=1420.000 Z=-40.000), Max=(X=1800.000 Y=2320.000 Z=60.000) RuntimeGrid:None EditorOnly:0 RuntimeOnly:0 HLODRelevant:0 ListedInSceneOutliner:1 IsMainWorldOnly:0
 |   |   |- Guid:25CD199140E81B212E92099C55FE3A38 BaseClass:/Game/Blueprints/BP_VerticalPlatform.BP_VerticalPlatform_C NativeClass:/Script/Engine.Actor Name:BP_VerticalPlatform_C_UAID_E073E7CB7D4AFA6202_1672137998 Label:BP_VerticalPlatform7 SpatiallyLoaded:1 Bounds:IsValid=true, Min=(X=17550.000 Y=1450.000 Z=-680.000), Max=(X=18250.000 Y=2150.000 Z=-580.000) RuntimeGrid:None EditorOnly:0 RuntimeOnly:0 HLODRelevant:0 ListedInSceneOutliner:1 IsMainWorldOnly:0
 |   |   |- Guid:275D5B754FBEF58817359CBCAEDF4549 BaseClass:/Game/Blueprints/BP_SpawnPoint2.BP_SpawnPoint2_C NativeClass:/Script/Engine.Actor Name:BP_SpawnPoint2_C_UAID_E073E7CB7D4A486402_1937237774 Label:BP_SpawnPoint2 SpatiallyLoaded:1 Bounds:IsValid=true, Min=(X=24560.000 Y=2110.000 Z=230.000), Max=(X=24560.000 Y=2110.000 Z=230.000) RuntimeGrid:None EditorOnly:0 RuntimeOnly:0 HLODRelevant:0 ListedInSceneOutliner:1 IsMainWorldOnly:0
 |   |   |- Guid:2FB58999456391D349DC0F86DAC136ED BaseClass: NativeClass:/Script/Engine.SkyLight Name:SkyLight_1 Label:SkyLight SpatiallyLoaded:0 Bounds:IsValid=true, Min=(X=0.000 Y=0.000 Z=690.000), Max=(X=0.000 Y=0.000 Z=690.000) RuntimeGrid:None EditorOnly:0 RuntimeOnly:0 HLODRelevant:0 ListedInSceneOutliner:1 IsMainWorldOnly:0 FolderPath:Lighting FolderGuid:963EC3EB4002CCE9759E2EBA541A873A
 |   |   |- Guid:316CF2A6494ACA4C0E4180A87D36AB8F BaseClass: NativeClass:/Script/Engine.ExponentialHeightFog Name:ExponentialHeightFog_0 Label:ExponentialHeightFog SpatiallyLoaded:0 Bounds:IsValid=true, Min=(X=-5600.000 Y=-50.000 Z=-6850.000), Max=(X=-5600.000 Y=-50.000 Z=-6850.000) RuntimeGrid:None EditorOnly:0 RuntimeOnly:0 HLODRelevant:0 ListedInSceneOutliner:1 IsMainWorldOnly:0 FolderPath:Lighting FolderGuid:963EC3EB4002CCE9759E2EBA541A873A
 |   |   |- Guid:38203E8149CC352BFF2A52AFBB827CE9 BaseClass:/Game/Blueprints/BP_FinishLine1.BP_FinishLine1_C NativeClass:/Script/Engine.Actor Name:BP_FinishLine1_C_UAID_E073E7CB7D4AFF6302_1875450920 Label:BP_FinishLine1 SpatiallyLoaded:1 Bounds:IsValid=true, Min=(X=26200.000 Y=580.000 Z=68.000), Max=(X=27160.000 Y=3140.000 Z=132.000) RuntimeGrid:None EditorOnly:0 RuntimeOnly:0 HLODRelevant:0 ListedInSceneOutliner:1 IsMainWorldOnly:0
 |   |   |- Guid:3A00AA1C422CE54C0BDB60BAF471BFBB BaseClass: NativeClass:/Script/Engine.PlayerStart Name:PlayerStart_0 Label:PlayerStart SpatiallyLoaded:0 Bounds:IsValid=true, Min=(X=-1470.000 Y=1640.000 Z=100.013), Max=(X=-1390.000 Y=1720.000 Z=284.013) RuntimeGrid:None EditorOnly:0 RuntimeOnly:0 HLODRelevant:0 ListedInSceneOutliner:1 IsMainWorldOnly:0
 |   |   |- Guid:4BD79E864677A4CFDC0E6398EE75A731 BaseClass: NativeClass:/Script/Engine.AmbientSound Name:AmbientSound_UAID_E073E7CB7D4A8D6402_1808284911 Label:game-on-153596 SpatiallyLoaded:1 Bounds:IsValid=true, Min=(X=-1640.000 Y=520.000 Z=580.000), Max=(X=-1640.000 Y=520.000 Z=580.000) RuntimeGrid:None EditorOnly:0 RuntimeOnly:0 HLODRelevant:0 ListedInSceneOutliner:1 IsMainWorldOnly:0
 |   |   |- Guid:4D3BE93F4146AAAC8BBE79999D96D57F BaseClass: NativeClass:/Script/Engine.VolumetricCloud Name:VolumetricCloud_0 Label:VolumetricCloud SpatiallyLoaded:0 Bounds:IsValid=true, Min=(X=0.000 Y=0.000 Z=820.000), Max=(X=0.000 Y=0.000 Z=820.000) RuntimeGrid:None EditorOnly:0 RuntimeOnly:0 HLODRelevant:0 ListedInSceneOutliner:1 IsMainWorldOnly:0 FolderPath:Lighting FolderGuid:963EC3EB4002CCE9759E2EBA541A873A
 |   |   |- Guid:4FA00B16461868CBECBD7A9B0FF86683 BaseClass:/Game/Blueprints/BP_HorizontalPlatform.BP_HorizontalPlatform_C NativeClass:/Script/Engine.Actor Name:BP_HorizontalPlatform_C_UAID_E073E7CB7D4AF96202_1658105807 Label:BP_HorizontalPlatform3 SpatiallyLoaded:1 Bounds:IsValid=true, Min=(X=4300.000 Y=1420.000 Z=-40.000), Max=(X=5000.000 Y=2320.000 Z=60.000) RuntimeGrid:None EditorOnly:0 RuntimeOnly:0 HLODRelevant:0 ListedInSceneOutliner:1 IsMainWorldOnly:0
 |   |   |- Guid:6AF4B11C4F4550359863DFA54146A1E1 BaseClass: NativeClass:/Script/Engine.StaticMeshActor Name:StaticMeshActor_UAID_E073E7CB7D4AFA6202_1189785988 Label:SM_BP_HorizontalPlatforms SpatiallyLoaded:1 Bounds:IsValid=true, Min=(X=3360.000 Y=3860.000 Z=-20.000), Max=(X=3360.000 Y=3860.000 Z=-20.000) RuntimeGrid:None EditorOnly:0 RuntimeOnly:0 HLODRelevant:0 ListedInSceneOutliner:1 IsMainWorldOnly:0
 |   |   |- Guid:6BAF4DDD444C60371492D3919DB42C97 BaseClass: NativeClass:/Script/Engine.WorldDataLayers Name:WorldDataLayers Label:WorldDataLayers SpatiallyLoaded:0 Bounds:IsValid=true, Min=(X=0.000 Y=0.000 Z=0.000), Max=(X=0.000 Y=0.000 Z=0.000) RuntimeGrid:None EditorOnly:0 RuntimeOnly:0 HLODRelevant:0 ListedInSceneOutliner:1 IsMainWorldOnly:1
 |   |   |- Guid:7007BFFA4F205659CBA453BD88555894 BaseClass:/Game/Blueprints/BP_KillZone.BP_KillZone_C NativeClass:/Script/Engine.Actor Name:BP_KillZone_C_UAID_E073E7CB7D4A0B6302_1410024978 Label:BP_KillZone SpatiallyLoaded:1 Bounds:IsValid=true, Min=(X=-3800.000 Y=-4530.000 Z=-1122.800), Max=(X=28200.000 Y=8270.000 Z=-937.200) RuntimeGrid:None EditorOnly:0 RuntimeOnly:0 HLODRelevant:0 ListedInSceneOutliner:1 IsMainWorldOnly:0
 |   |   |- Guid:743689534D3C7EAFD22374B307259379 BaseClass:/Game/Blueprints/BP_VerticalPlatform.BP_VerticalPlatform_C NativeClass:/Script/Engine.Actor Name:BP_VerticalPlatform_C_UAID_E073E7CB7D4AFA6202_1628399996 Label:BP_VerticalPlatform5 SpatiallyLoaded:1 Bounds:IsValid=true, Min=(X=15510.000 Y=1450.000 Z=-680.000), Max=(X=16210.000 Y=2150.000 Z=-580.000) RuntimeGrid:None EditorOnly:0 RuntimeOnly:0 HLODRelevant:0 ListedInSceneOutliner:1 IsMainWorldOnly:0
 |   |   |- Guid:7A06AE584226E60D7F73259842B8DB30 BaseClass:/Game/Blueprints/BP_StaticPlatform.BP_StaticPlatform_C NativeClass:/Script/Engine.Actor Name:BP_StaticPlatform_C_UAID_E073E7CB7D4A6B6202_1603780824 Label:BP_StaticPlatform2 SpatiallyLoaded:1 Bounds:IsValid=true, Min=(X=10037.125 Y=650.250 Z=0.000), Max=(X=10962.875 Y=3089.750 Z=182.000) RuntimeGrid:None EditorOnly:0 RuntimeOnly:0 HLODRelevant:0 ListedInSceneOutliner:1 IsMainWorldOnly:0
 |   |   |- Guid:7B47B0E54DE55AFA4E62839D06BB224A BaseClass:/Game/Blueprints/BP_HorizontalPlatform.BP_HorizontalPlatform_C NativeClass:/Script/Engine.Actor Name:BP_HorizontalPlatform_C_UAID_E073E7CB7D4A696202_2105030464 Label:BP_HorizontalPlatform SpatiallyLoaded:1 Bounds:IsValid=true, Min=(X=2010.000 Y=1420.000 Z=-40.000), Max=(X=2710.000 Y=2320.000 Z=60.000) RuntimeGrid:None EditorOnly:0 RuntimeOnly:0 HLODRelevant:0 ListedInSceneOutliner:1 IsMainWorldOnly:0
 |   |   |- Guid:809A5C784CD789DEB36B4881B46F750B BaseClass:/Game/Blueprints/BP_VerticalPlatform.BP_VerticalPlatform_C NativeClass:/Script/Engine.Actor Name:BP_VerticalPlatform_C_UAID_E073E7CB7D4AFA6202_1476999993 Label:BP_VerticalPlatform2 SpatiallyLoaded:1 Bounds:IsValid=true, Min=(X=12360.000 Y=1450.000 Z=0.000), Max=(X=13060.000 Y=2150.000 Z=100.000) RuntimeGrid:None EditorOnly:0 RuntimeOnly:0 HLODRelevant:0 ListedInSceneOutliner:1 IsMainWorldOnly:0
 |   |   |- Guid:8AAF510E48609094412A5986793E4C90 BaseClass:/Game/Blueprints/BP_VerticalPlatform.BP_VerticalPlatform_C NativeClass:/Script/Engine.Actor Name:BP_VerticalPlatform_C_UAID_E073E7CB7D4AFA6202_1352516992 Label:BP_VerticalPlatform SpatiallyLoaded:1 Bounds:IsValid=true, Min=(X=11420.000 Y=1450.000 Z=-680.000), Max=(X=12120.000 Y=2150.000 Z=-580.000) RuntimeGrid:None EditorOnly:0 RuntimeOnly:0 HLODRelevant:0 ListedInSceneOutliner:1 IsMainWorldOnly:0
 |   |   |- Guid:964ACF5D47E8B7180030F7B6285DFF87 BaseClass:/Game/Blueprints/BP_HorizontalPlatform.BP_HorizontalPlatform_C NativeClass:/Script/Engine.Actor Name:BP_HorizontalPlatform_C_UAID_E073E7CB7D4AF96202_1661441809 Label:BP_HorizontalPlatform5 SpatiallyLoaded:1 Bounds:IsValid=true, Min=(X=7510.000 Y=1420.000 Z=-40.000), Max=(X=8210.000 Y=2320.000 Z=60.000) RuntimeGrid:None EditorOnly:0 RuntimeOnly:0 HLODRelevant:0 ListedInSceneOutliner:1 IsMainWorldOnly:0
 |   |   |- Guid:9B7CA6744841C993C3E9028B96863F05 BaseClass:/Game/Blueprints/BP_HorizontalPlatform.BP_HorizontalPlatform_C NativeClass:/Script/Engine.Actor Name:BP_HorizontalPlatform_C_UAID_E073E7CB7D4AF96202_1661443810 Label:BP_HorizontalPlatform6 SpatiallyLoaded:1 Bounds:IsValid=true, Min=(X=8420.000 Y=1420.000 Z=-40.000), Max=(X=9120.000 Y=2320.000 Z=60.000) RuntimeGrid:None EditorOnly:0 RuntimeOnly:0 HLODRelevant:0 ListedInSceneOutliner:1 IsMainWorldOnly:0
 |   |   |- Guid:9FF4F7FA49ED0DC73A3570BEB8593A30 BaseClass:/Game/Blueprints/BP_SpawnPoint1.BP_SpawnPoint1_C NativeClass:/Script/Engine.Actor Name:BP_SpawnPoint1_C_UAID_E073E7CB7D4A486402_1919629773 Label:BP_SpawnPoint1 SpatiallyLoaded:1 Bounds:IsValid=true, Min=(X=2110.000 Y=1660.000 Z=110.000), Max=(X=2110.000 Y=1660.000 Z=110.000) RuntimeGrid:None EditorOnly:0 RuntimeOnly:0 HLODRelevant:0 ListedInSceneOutliner:1 IsMainWorldOnly:0
 |   |   |- Guid:B3CC19944341211949AD6296D718B913 BaseClass:/Game/Blueprints/BP_VerticalPlatform.BP_VerticalPlatform_C NativeClass:/Script/Engine.Actor Name:BP_VerticalPlatform_C_UAID_E073E7CB7D4AFA6202_1672140999 Label:BP_VerticalPlatform8 SpatiallyLoaded:1 Bounds:IsValid=true, Min=(X=18490.000 Y=1450.000 Z=0.000), Max=(X=19190.000 Y=2150.000 Z=100.000) RuntimeGrid:None EditorOnly:0 RuntimeOnly:0 HLODRelevant:0 ListedInSceneOutliner:1 IsMainWorldOnly:0
 |   |   |- Guid:B480C8004C3C8919A503EC8257477517 BaseClass:/Game/Blueprints/BP_FinishLine2.BP_FinishLine2_C NativeClass:/Script/Engine.Actor Name:BP_FinishLine2_C_UAID_E073E7CB7D4AFF6302_1880039921 Label:BP_FinishLine2 SpatiallyLoaded:1 Bounds:IsValid=true, Min=(X=26200.000 Y=570.000 Z=68.000), Max=(X=27160.000 Y=3130.000 Z=132.000) RuntimeGrid:None EditorOnly:0 RuntimeOnly:0 HLODRelevant:0 ListedInSceneOutliner:1 IsMainWorldOnly:0
 |   |   |- Guid:B785ED2844B84CFB91E7F39FE661CD99 BaseClass: NativeClass:/Script/Engine.DirectionalLight Name:DirectionalLight_0 Label:DirectionalLight SpatiallyLoaded:0 Bounds:Invalid RuntimeGrid:None EditorOnly:0 RuntimeOnly:0 HLODRelevant:0 ListedInSceneOutliner:1 IsMainWorldOnly:0 FolderPath:Lighting FolderGuid:963EC3EB4002CCE9759E2EBA541A873A
 |   |   |- Guid:BB01758B4819484199DE069C4A1A9140 BaseClass:/Game/Blueprints/BP_StaticPlatform.BP_StaticPlatform_C NativeClass:/Script/Engine.Actor Name:BP_StaticPlatform_C_UAID_E073E7CB7D4A226202_1412182969 Label:BP_StaticPlatform SpatiallyLoaded:1 Bounds:IsValid=true, Min=(X=-1970.000 Y=650.250 Z=0.000), Max=(X=130.000 Y=3089.750 Z=523.760) RuntimeGrid:None EditorOnly:0 RuntimeOnly:0 HLODRelevant:0 ListedInSceneOutliner:1 IsMainWorldOnly:0
 |   |   |- Guid:C4E809FB4D6496DC294E6682E7E2A903 BaseClass:/Game/Blueprints/BP_StaticPlatform.BP_StaticPlatform_C NativeClass:/Script/Engine.Actor Name:BP_StaticPlatform_C_UAID_E073E7CB7D4AFB6202_1563314179 Label:BP_StaticPlatform4 SpatiallyLoaded:1 Bounds:IsValid=true, Min=(X=26167.125 Y=650.250 Z=0.000), Max=(X=27092.875 Y=3089.750 Z=182.000) RuntimeGrid:None EditorOnly:0 RuntimeOnly:0 HLODRelevant:0 ListedInSceneOutliner:1 IsMainWorldOnly:0
 |   |   |- Guid:C9A7384E438A9B028CA918B6B3C24724 BaseClass:/Game/Blueprints/BP_SpinningBarrel.BP_SpinningBarrel_C NativeClass:/Script/Engine.Actor Name:BP_SpinningBarrel_C_UAID_E073E7CB7D4AFA6202_1890248002 Label:BP_SpinningBarrel SpatiallyLoaded:1 Bounds:IsValid=true, Min=(X=20850.000 Y=1251.250 Z=-1018.750), Max=(X=25850.000 Y=2428.750 Z=158.750) RuntimeGrid:None EditorOnly:0 RuntimeOnly:0 HLODRelevant:0 ListedInSceneOutliner:1 IsMainWorldOnly:0
 |   |   |- Guid:CCFF262C46EEFFDF319E7F9539CE697E BaseClass: NativeClass:/Script/Engine.SkyAtmosphere Name:SkyAtmosphere_0 Label:SkyAtmosphere SpatiallyLoaded:0 Bounds:IsValid=true, Min=(X=0.000 Y=0.000 Z=1020.000), Max=(X=0.000 Y=0.000 Z=1020.000) RuntimeGrid:None EditorOnly:0 RuntimeOnly:0 HLODRelevant:0 ListedInSceneOutliner:1 IsMainWorldOnly:0 FolderPath:Lighting FolderGuid:963EC3EB4002CCE9759E2EBA541A873A
 |   |   |- Guid:CD8B794446BE470C77AFD092BF97443C BaseClass:/Game/Blueprints/BP_StaticPlatform.BP_StaticPlatform_C NativeClass:/Script/Engine.Actor Name:BP_StaticPlatform_C_UAID_E073E7CB7D4AFA6202_1695752000 Label:BP_StaticPlatform3 SpatiallyLoaded:1 Bounds:IsValid=true, Min=(X=19627.125 Y=650.250 Z=0.000), Max=(X=20552.875 Y=3089.750 Z=182.000) RuntimeGrid:None EditorOnly:0 RuntimeOnly:0 HLODRelevant:0 ListedInSceneOutliner:1 IsMainWorldOnly:0
 |   |   |- Guid:E0BDA02D44A45346D98197832ECF418C BaseClass:/Game/Blueprints/BP_VerticalPlatform.BP_VerticalPlatform_C NativeClass:/Script/Engine.Actor Name:BP_VerticalPlatform_C_UAID_E073E7CB7D4AFA6202_1628402997 Label:BP_VerticalPlatform6 SpatiallyLoaded:1 Bounds:IsValid=true, Min=(X=16450.000 Y=1450.000 Z=0.000), Max=(X=17150.000 Y=2150.000 Z=100.000) RuntimeGrid:None EditorOnly:0 RuntimeOnly:0 HLODRelevant:0 ListedInSceneOutliner:1 IsMainWorldOnly:0
 |   |   |- Guid:E6893537491648C9C76C1594F10B4EA3 BaseClass:/Game/Blueprints/BP_PowerUpSpawner.BP_PowerUpSpawner_C NativeClass:/Script/Engine.Actor Name:BP_PowerUpSpawner_C_UAID_E073E7CB7D4A4A6402_1074364127 Label:BP_PowerUpSpawner SpatiallyLoaded:1 Bounds:IsValid=true, Min=(X=-1040.000 Y=1760.000 Z=150.000), Max=(X=-1040.000 Y=1760.000 Z=150.000) RuntimeGrid:None EditorOnly:0 RuntimeOnly:0 HLODRelevant:0 ListedInSceneOutliner:1 IsMainWorldOnly:0
 |   |   |- Guid:EC4E0C944CE6AC6E784BC6BB2916EA13 BaseClass: NativeClass:/Script/Engine.StaticMeshActor Name:StaticMeshActor_UAID_A4AE111137DC5EFB00_1110535423 Label:SM_SkySphere SpatiallyLoaded:0 Bounds:IsValid=true, Min=(X=-1638400.000 Y=-1638400.000 Z=-1638400.000), Max=(X=1638400.000 Y=1638400.000 Z=1638400.000) RuntimeGrid:None EditorOnly:0 RuntimeOnly:0 HLODRelevant:1 ListedInSceneOutliner:1 IsMainWorldOnly:0 FolderPath:Lighting FolderGuid:963EC3EB4002CCE9759E2EBA541A873A
 |   |   |- Guid:F320B66C43061F080E8458A8DB2A807F BaseClass:/Game/Blueprints/BP_VerticalPlatform.BP_VerticalPlatform_C NativeClass:/Script/Engine.Actor Name:BP_VerticalPlatform_C_UAID_E073E7CB7D4AFA6202_1608458995 Label:BP_VerticalPlatform4 SpatiallyLoaded:1 Bounds:IsValid=true, Min=(X=14440.000 Y=1450.000 Z=0.000), Max=(X=15140.000 Y=2150.000 Z=100.000) RuntimeGrid:None EditorOnly:0 RuntimeOnly:0 HLODRelevant:0 ListedInSceneOutliner:1 IsMainWorldOnly:0
 |   |   |- Guid:F4F58C5B4F3A9B88649EF09CF4C53A5A BaseClass:/Game/Blueprints/BP_VerticalPlatform.BP_VerticalPlatform_C NativeClass:/Script/Engine.Actor Name:BP_VerticalPlatform_C_UAID_E073E7CB7D4AFA6202_1608456994 Label:BP_VerticalPlatform3 SpatiallyLoaded:1 Bounds:IsValid=true, Min=(X=13500.000 Y=1450.000 Z=-680.000), Max=(X=14200.000 Y=2150.000 Z=-580.000) RuntimeGrid:None EditorOnly:0 RuntimeOnly:0 HLODRelevant:0 ListedInSceneOutliner:1 IsMainWorldOnly:0
 |   |   |- Guid:F5E3FEB3450C49844FD93DA8E083C8AD BaseClass: NativeClass:/Script/Engine.PostProcessVolume Name:PostProcessVolume_0 Label:PostProcessVolume SpatiallyLoaded:0 Bounds:IsValid=true, Min=(X=0.000 Y=0.000 Z=400.000), Max=(X=200.000 Y=200.000 Z=600.000) RuntimeGrid:None EditorOnly:0 RuntimeOnly:0 HLODRelevant:0 ListedInSceneOutliner:1 IsMainWorldOnly:0 FolderPath:Lighting FolderGuid:963EC3EB4002CCE9759E2EBA541A873A
 |   |- [+] Clusters:
 |   |   |- [+] [  0]
 |   |   |   |- Guid:058D2F5F4F699F91CF3D51AC3B7D297E BaseClass:/Game/Blueprints/BP_HorizontalPlatform.BP_HorizontalPlatform_C NativeClass:/Script/Engine.Actor Name:BP_HorizontalPlatform_C_UAID_E073E7CB7D4AF96202_1658113808 Label:BP_HorizontalPlatform4 SpatiallyLoaded:1 Bounds:IsValid=true, Min=(X=5210.000 Y=1420.000 Z=-40.000), Max=(X=5910.000 Y=2320.000 Z=60.000) RuntimeGrid:None EditorOnly:0 RuntimeOnly:0 HLODRelevant:0 ListedInSceneOutliner:1 IsMainWorldOnly:0
 |   |   |- [+] [  1]
 |   |   |   |- Guid:168048374C343D97DD114D9F2A264C07 BaseClass:/Game/Blueprints/BP_HorizontalPlatform.BP_HorizontalPlatform_C NativeClass:/Script/Engine.Actor Name:BP_HorizontalPlatform_C_UAID_E073E7CB7D4A6B6202_1162651819 Label:BP_HorizontalPlatform2 SpatiallyLoaded:1 Bounds:IsValid=true, Min=(X=1100.000 Y=1420.000 Z=-40.000), Max=(X=1800.000 Y=2320.000 Z=60.000) RuntimeGrid:None EditorOnly:0 RuntimeOnly:0 HLODRelevant:0 ListedInSceneOutliner:1 IsMainWorldOnly:0
 |   |   |- [+] [  2]
 |   |   |   |- Guid:25CD199140E81B212E92099C55FE3A38 BaseClass:/Game/Blueprints/BP_VerticalPlatform.BP_VerticalPlatform_C NativeClass:/Script/Engine.Actor Name:BP_VerticalPlatform_C_UAID_E073E7CB7D4AFA6202_1672137998 Label:BP_VerticalPlatform7 SpatiallyLoaded:1 Bounds:IsValid=true, Min=(X=17550.000 Y=1450.000 Z=-680.000), Max=(X=18250.000 Y=2150.000 Z=-580.000) RuntimeGrid:None EditorOnly:0 RuntimeOnly:0 HLODRelevant:0 ListedInSceneOutliner:1 IsMainWorldOnly:0
 |   |   |- [+] [  3]
 |   |   |   |- Guid:275D5B754FBEF58817359CBCAEDF4549 BaseClass:/Game/Blueprints/BP_SpawnPoint2.BP_SpawnPoint2_C NativeClass:/Script/Engine.Actor Name:BP_SpawnPoint2_C_UAID_E073E7CB7D4A486402_1937237774 Label:BP_SpawnPoint2 SpatiallyLoaded:1 Bounds:IsValid=true, Min=(X=24560.000 Y=2110.000 Z=230.000), Max=(X=24560.000 Y=2110.000 Z=230.000) RuntimeGrid:None EditorOnly:0 RuntimeOnly:0 HLODRelevant:0 ListedInSceneOutliner:1 IsMainWorldOnly:0
 |   |   |   |- Guid:9FF4F7FA49ED0DC73A3570BEB8593A30 BaseClass:/Game/Blueprints/BP_SpawnPoint1.BP_SpawnPoint1_C NativeClass:/Script/Engine.Actor Name:BP_SpawnPoint1_C_UAID_E073E7CB7D4A486402_1919629773 Label:BP_SpawnPoint1 SpatiallyLoaded:1 Bounds:IsValid=true, Min=(X=2110.000 Y=1660.000 Z=110.000), Max=(X=2110.000 Y=1660.000 Z=110.000) RuntimeGrid:None EditorOnly:0 RuntimeOnly:0 HLODRelevant:0 ListedInSceneOutliner:1 IsMainWorldOnly:0
 |   |   |   |- Guid:E6893537491648C9C76C1594F10B4EA3 BaseClass:/Game/Blueprints/BP_PowerUpSpawner.BP_PowerUpSpawner_C NativeClass:/Script/Engine.Actor Name:BP_PowerUpSpawner_C_UAID_E073E7CB7D4A4A6402_1074364127 Label:BP_PowerUpSpawner SpatiallyLoaded:1 Bounds:IsValid=true, Min=(X=-1040.000 Y=1760.000 Z=150.000), Max=(X=-1040.000 Y=1760.000 Z=150.000) RuntimeGrid:None EditorOnly:0 RuntimeOnly:0 HLODRelevant:0 ListedInSceneOutliner:1 IsMainWorldOnly:0
 |   |   |- [+] [  4]
 |   |   |   |- Guid:2FB58999456391D349DC0F86DAC136ED BaseClass: NativeClass:/Script/Engine.SkyLight Name:SkyLight_1 Label:SkyLight SpatiallyLoaded:0 Bounds:IsValid=true, Min=(X=0.000 Y=0.000 Z=690.000), Max=(X=0.000 Y=0.000 Z=690.000) RuntimeGrid:None EditorOnly:0 RuntimeOnly:0 HLODRelevant:0 ListedInSceneOutliner:1 IsMainWorldOnly:0 FolderPath:Lighting FolderGuid:963EC3EB4002CCE9759E2EBA541A873A
 |   |   |- [+] [  5]
 |   |   |   |- Guid:316CF2A6494ACA4C0E4180A87D36AB8F BaseClass: NativeClass:/Script/Engine.ExponentialHeightFog Name:ExponentialHeightFog_0 Label:ExponentialHeightFog SpatiallyLoaded:0 Bounds:IsValid=true, Min=(X=-5600.000 Y=-50.000 Z=-6850.000), Max=(X=-5600.000 Y=-50.000 Z=-6850.000) RuntimeGrid:None EditorOnly:0 RuntimeOnly:0 HLODRelevant:0 ListedInSceneOutliner:1 IsMainWorldOnly:0 FolderPath:Lighting FolderGuid:963EC3EB4002CCE9759E2EBA541A873A
 |   |   |- [+] [  6]
 |   |   |   |- Guid:38203E8149CC352BFF2A52AFBB827CE9 BaseClass:/Game/Blueprints/BP_FinishLine1.BP_FinishLine1_C NativeClass:/Script/Engine.Actor Name:BP_FinishLine1_C_UAID_E073E7CB7D4AFF6302_1875450920 Label:BP_FinishLine1 SpatiallyLoaded:1 Bounds:IsValid=true, Min=(X=26200.000 Y=580.000 Z=68.000), Max=(X=27160.000 Y=3140.000 Z=132.000) RuntimeGrid:None EditorOnly:0 RuntimeOnly:0 HLODRelevant:0 ListedInSceneOutliner:1 IsMainWorldOnly:0
 |   |   |- [+] [  7]
 |   |   |   |- Guid:3A00AA1C422CE54C0BDB60BAF471BFBB BaseClass: NativeClass:/Script/Engine.PlayerStart Name:PlayerStart_0 Label:PlayerStart SpatiallyLoaded:0 Bounds:IsValid=true, Min=(X=-1470.000 Y=1640.000 Z=100.013), Max=(X=-1390.000 Y=1720.000 Z=284.013) RuntimeGrid:None EditorOnly:0 RuntimeOnly:0 HLODRelevant:0 ListedInSceneOutliner:1 IsMainWorldOnly:0
 |   |   |- [+] [  8]
 |   |   |   |- Guid:4BD79E864677A4CFDC0E6398EE75A731 BaseClass: NativeClass:/Script/Engine.AmbientSound Name:AmbientSound_UAID_E073E7CB7D4A8D6402_1808284911 Label:game-on-153596 SpatiallyLoaded:1 Bounds:IsValid=true, Min=(X=-1640.000 Y=520.000 Z=580.000), Max=(X=-1640.000 Y=520.000 Z=580.000) RuntimeGrid:None EditorOnly:0 RuntimeOnly:0 HLODRelevant:0 ListedInSceneOutliner:1 IsMainWorldOnly:0
 |   |   |- [+] [  9]
 |   |   |   |- Guid:4D3BE93F4146AAAC8BBE79999D96D57F BaseClass: NativeClass:/Script/Engine.VolumetricCloud Name:VolumetricCloud_0 Label:VolumetricCloud SpatiallyLoaded:0 Bounds:IsValid=true, Min=(X=0.000 Y=0.000 Z=820.000), Max=(X=0.000 Y=0.000 Z=820.000) RuntimeGrid:None EditorOnly:0 RuntimeOnly:0 HLODRelevant:0 ListedInSceneOutliner:1 IsMainWorldOnly:0 FolderPath:Lighting FolderGuid:963EC3EB4002CCE9759E2EBA541A873A
 |   |   |- [+] [ 10]
 |   |   |   |- Guid:4FA00B16461868CBECBD7A9B0FF86683 BaseClass:/Game/Blueprints/BP_HorizontalPlatform.BP_HorizontalPlatform_C NativeClass:/Script/Engine.Actor Name:BP_HorizontalPlatform_C_UAID_E073E7CB7D4AF96202_1658105807 Label:BP_HorizontalPlatform3 SpatiallyLoaded:1 Bounds:IsValid=true, Min=(X=4300.000 Y=1420.000 Z=-40.000), Max=(X=5000.000 Y=2320.000 Z=60.000) RuntimeGrid:None EditorOnly:0 RuntimeOnly:0 HLODRelevant:0 ListedInSceneOutliner:1 IsMainWorldOnly:0
 |   |   |- [+] [ 11]
 |   |   |   |- Guid:6AF4B11C4F4550359863DFA54146A1E1 BaseClass: NativeClass:/Script/Engine.StaticMeshActor Name:StaticMeshActor_UAID_E073E7CB7D4AFA6202_1189785988 Label:SM_BP_HorizontalPlatforms SpatiallyLoaded:1 Bounds:IsValid=true, Min=(X=3360.000 Y=3860.000 Z=-20.000), Max=(X=3360.000 Y=3860.000 Z=-20.000) RuntimeGrid:None EditorOnly:0 RuntimeOnly:0 HLODRelevant:0 ListedInSceneOutliner:1 IsMainWorldOnly:0
 |   |   |- [+] [ 12]
 |   |   |   |- Guid:6BAF4DDD444C60371492D3919DB42C97 BaseClass: NativeClass:/Script/Engine.WorldDataLayers Name:WorldDataLayers Label:WorldDataLayers SpatiallyLoaded:0 Bounds:IsValid=true, Min=(X=0.000 Y=0.000 Z=0.000), Max=(X=0.000 Y=0.000 Z=0.000) RuntimeGrid:None EditorOnly:0 RuntimeOnly:0 HLODRelevant:0 ListedInSceneOutliner:1 IsMainWorldOnly:1
 |   |   |- [+] [ 13]
 |   |   |   |- Guid:7007BFFA4F205659CBA453BD88555894 BaseClass:/Game/Blueprints/BP_KillZone.BP_KillZone_C NativeClass:/Script/Engine.Actor Name:BP_KillZone_C_UAID_E073E7CB7D4A0B6302_1410024978 Label:BP_KillZone SpatiallyLoaded:1 Bounds:IsValid=true, Min=(X=-3800.000 Y=-4530.000 Z=-1122.800), Max=(X=28200.000 Y=8270.000 Z=-937.200) RuntimeGrid:None EditorOnly:0 RuntimeOnly:0 HLODRelevant:0 ListedInSceneOutliner:1 IsMainWorldOnly:0
 |   |   |- [+] [ 14]
 |   |   |   |- Guid:743689534D3C7EAFD22374B307259379 BaseClass:/Game/Blueprints/BP_VerticalPlatform.BP_VerticalPlatform_C NativeClass:/Script/Engine.Actor Name:BP_VerticalPlatform_C_UAID_E073E7CB7D4AFA6202_1628399996 Label:BP_VerticalPlatform5 SpatiallyLoaded:1 Bounds:IsValid=true, Min=(X=15510.000 Y=1450.000 Z=-680.000), Max=(X=16210.000 Y=2150.000 Z=-580.000) RuntimeGrid:None EditorOnly:0 RuntimeOnly:0 HLODRelevant:0 ListedInSceneOutliner:1 IsMainWorldOnly:0
 |   |   |- [+] [ 15]
 |   |   |   |- Guid:7A06AE584226E60D7F73259842B8DB30 BaseClass:/Game/Blueprints/BP_StaticPlatform.BP_StaticPlatform_C NativeClass:/Script/Engine.Actor Name:BP_StaticPlatform_C_UAID_E073E7CB7D4A6B6202_1603780824 Label:BP_StaticPlatform2 SpatiallyLoaded:1 Bounds:IsValid=true, Min=(X=10037.125 Y=650.250 Z=0.000), Max=(X=10962.875 Y=3089.750 Z=182.000) RuntimeGrid:None EditorOnly:0 RuntimeOnly:0 HLODRelevant:0 ListedInSceneOutliner:1 IsMainWorldOnly:0
 |   |   |- [+] [ 16]
 |   |   |   |- Guid:7B47B0E54DE55AFA4E62839D06BB224A BaseClass:/Game/Blueprints/BP_HorizontalPlatform.BP_HorizontalPlatform_C NativeClass:/Script/Engine.Actor Name:BP_HorizontalPlatform_C_UAID_E073E7CB7D4A696202_2105030464 Label:BP_HorizontalPlatform SpatiallyLoaded:1 Bounds:IsValid=true, Min=(X=2010.000 Y=1420.000 Z=-40.000), Max=(X=2710.000 Y=2320.000 Z=60.000) RuntimeGrid:None EditorOnly:0 RuntimeOnly:0 HLODRelevant:0 ListedInSceneOutliner:1 IsMainWorldOnly:0
 |   |   |- [+] [ 17]
 |   |   |   |- Guid:809A5C784CD789DEB36B4881B46F750B BaseClass:/Game/Blueprints/BP_VerticalPlatform.BP_VerticalPlatform_C NativeClass:/Script/Engine.Actor Name:BP_VerticalPlatform_C_UAID_E073E7CB7D4AFA6202_1476999993 Label:BP_VerticalPlatform2 SpatiallyLoaded:1 Bounds:IsValid=true, Min=(X=12360.000 Y=1450.000 Z=0.000), Max=(X=13060.000 Y=2150.000 Z=100.000) RuntimeGrid:None EditorOnly:0 RuntimeOnly:0 HLODRelevant:0 ListedInSceneOutliner:1 IsMainWorldOnly:0
 |   |   |- [+] [ 18]
 |   |   |   |- Guid:8AAF510E48609094412A5986793E4C90 BaseClass:/Game/Blueprints/BP_VerticalPlatform.BP_VerticalPlatform_C NativeClass:/Script/Engine.Actor Name:BP_VerticalPlatform_C_UAID_E073E7CB7D4AFA6202_1352516992 Label:BP_VerticalPlatform SpatiallyLoaded:1 Bounds:IsValid=true, Min=(X=11420.000 Y=1450.000 Z=-680.000), Max=(X=12120.000 Y=2150.000 Z=-580.000) RuntimeGrid:None EditorOnly:0 RuntimeOnly:0 HLODRelevant:0 ListedInSceneOutliner:1 IsMainWorldOnly:0
 |   |   |- [+] [ 19]
 |   |   |   |- Guid:964ACF5D47E8B7180030F7B6285DFF87 BaseClass:/Game/Blueprints/BP_HorizontalPlatform.BP_HorizontalPlatform_C NativeClass:/Script/Engine.Actor Name:BP_HorizontalPlatform_C_UAID_E073E7CB7D4AF96202_1661441809 Label:BP_HorizontalPlatform5 SpatiallyLoaded:1 Bounds:IsValid=true, Min=(X=7510.000 Y=1420.000 Z=-40.000), Max=(X=8210.000 Y=2320.000 Z=60.000) RuntimeGrid:None EditorOnly:0 RuntimeOnly:0 HLODRelevant:0 ListedInSceneOutliner:1 IsMainWorldOnly:0
 |   |   |- [+] [ 20]
 |   |   |   |- Guid:9B7CA6744841C993C3E9028B96863F05 BaseClass:/Game/Blueprints/BP_HorizontalPlatform.BP_HorizontalPlatform_C NativeClass:/Script/Engine.Actor Name:BP_HorizontalPlatform_C_UAID_E073E7CB7D4AF96202_1661443810 Label:BP_HorizontalPlatform6 SpatiallyLoaded:1 Bounds:IsValid=true, Min=(X=8420.000 Y=1420.000 Z=-40.000), Max=(X=9120.000 Y=2320.000 Z=60.000) RuntimeGrid:None EditorOnly:0 RuntimeOnly:0 HLODRelevant:0 ListedInSceneOutliner:1 IsMainWorldOnly:0
 |   |   |- [+] [ 21]
 |   |   |   |- Guid:B3CC19944341211949AD6296D718B913 BaseClass:/Game/Blueprints/BP_VerticalPlatform.BP_VerticalPlatform_C NativeClass:/Script/Engine.Actor Name:BP_VerticalPlatform_C_UAID_E073E7CB7D4AFA6202_1672140999 Label:BP_VerticalPlatform8 SpatiallyLoaded:1 Bounds:IsValid=true, Min=(X=18490.000 Y=1450.000 Z=0.000), Max=(X=19190.000 Y=2150.000 Z=100.000) RuntimeGrid:None EditorOnly:0 RuntimeOnly:0 HLODRelevant:0 ListedInSceneOutliner:1 IsMainWorldOnly:0
 |   |   |- [+] [ 22]
 |   |   |   |- Guid:B480C8004C3C8919A503EC8257477517 BaseClass:/Game/Blueprints/BP_FinishLine2.BP_FinishLine2_C NativeClass:/Script/Engine.Actor Name:BP_FinishLine2_C_UAID_E073E7CB7D4AFF6302_1880039921 Label:BP_FinishLine2 SpatiallyLoaded:1 Bounds:IsValid=true, Min=(X=26200.000 Y=570.000 Z=68.000), Max=(X=27160.000 Y=3130.000 Z=132.000) RuntimeGrid:None EditorOnly:0 RuntimeOnly:0 HLODRelevant:0 ListedInSceneOutliner:1 IsMainWorldOnly:0
 |   |   |- [+] [ 23]
 |   |   |   |- Guid:B785ED2844B84CFB91E7F39FE661CD99 BaseClass: NativeClass:/Script/Engine.DirectionalLight Name:DirectionalLight_0 Label:DirectionalLight SpatiallyLoaded:0 Bounds:Invalid RuntimeGrid:None EditorOnly:0 RuntimeOnly:0 HLODRelevant:0 ListedInSceneOutliner:1 IsMainWorldOnly:0 FolderPath:Lighting FolderGuid:963EC3EB4002CCE9759E2EBA541A873A
 |   |   |- [+] [ 24]
 |   |   |   |- Guid:BB01758B4819484199DE069C4A1A9140 BaseClass:/Game/Blueprints/BP_StaticPlatform.BP_StaticPlatform_C NativeClass:/Script/Engine.Actor Name:BP_StaticPlatform_C_UAID_E073E7CB7D4A226202_1412182969 Label:BP_StaticPlatform SpatiallyLoaded:1 Bounds:IsValid=true, Min=(X=-1970.000 Y=650.250 Z=0.000), Max=(X=130.000 Y=3089.750 Z=523.760) RuntimeGrid:None EditorOnly:0 RuntimeOnly:0 HLODRelevant:0 ListedInSceneOutliner:1 IsMainWorldOnly:0
 |   |   |- [+] [ 25]
 |   |   |   |- Guid:C4E809FB4D6496DC294E6682E7E2A903 BaseClass:/Game/Blueprints/BP_StaticPlatform.BP_StaticPlatform_C NativeClass:/Script/Engine.Actor Name:BP_StaticPlatform_C_UAID_E073E7CB7D4AFB6202_1563314179 Label:BP_StaticPlatform4 SpatiallyLoaded:1 Bounds:IsValid=true, Min=(X=26167.125 Y=650.250 Z=0.000), Max=(X=27092.875 Y=3089.750 Z=182.000) RuntimeGrid:None EditorOnly:0 RuntimeOnly:0 HLODRelevant:0 ListedInSceneOutliner:1 IsMainWorldOnly:0
 |   |   |- [+] [ 26]
 |   |   |   |- Guid:C9A7384E438A9B028CA918B6B3C24724 BaseClass:/Game/Blueprints/BP_SpinningBarrel.BP_SpinningBarrel_C NativeClass:/Script/Engine.Actor Name:BP_SpinningBarrel_C_UAID_E073E7CB7D4AFA6202_1890248002 Label:BP_SpinningBarrel SpatiallyLoaded:1 Bounds:IsValid=true, Min=(X=20850.000 Y=1251.250 Z=-1018.750), Max=(X=25850.000 Y=2428.750 Z=158.750) RuntimeGrid:None EditorOnly:0 RuntimeOnly:0 HLODRelevant:0 ListedInSceneOutliner:1 IsMainWorldOnly:0
 |   |   |- [+] [ 27]
 |   |   |   |- Guid:CCFF262C46EEFFDF319E7F9539CE697E BaseClass: NativeClass:/Script/Engine.SkyAtmosphere Name:SkyAtmosphere_0 Label:SkyAtmosphere SpatiallyLoaded:0 Bounds:IsValid=true, Min=(X=0.000 Y=0.000 Z=1020.000), Max=(X=0.000 Y=0.000 Z=1020.000) RuntimeGrid:None EditorOnly:0 RuntimeOnly:0 HLODRelevant:0 ListedInSceneOutliner:1 IsMainWorldOnly:0 FolderPath:Lighting FolderGuid:963EC3EB4002CCE9759E2EBA541A873A
 |   |   |- [+] [ 28]
 |   |   |   |- Guid:CD8B794446BE470C77AFD092BF97443C BaseClass:/Game/Blueprints/BP_StaticPlatform.BP_StaticPlatform_C NativeClass:/Script/Engine.Actor Name:BP_StaticPlatform_C_UAID_E073E7CB7D4AFA6202_1695752000 Label:BP_StaticPlatform3 SpatiallyLoaded:1 Bounds:IsValid=true, Min=(X=19627.125 Y=650.250 Z=0.000), Max=(X=20552.875 Y=3089.750 Z=182.000) RuntimeGrid:None EditorOnly:0 RuntimeOnly:0 HLODRelevant:0 ListedInSceneOutliner:1 IsMainWorldOnly:0
 |   |   |- [+] [ 29]
 |   |   |   |- Guid:E0BDA02D44A45346D98197832ECF418C BaseClass:/Game/Blueprints/BP_VerticalPlatform.BP_VerticalPlatform_C NativeClass:/Script/Engine.Actor Name:BP_VerticalPlatform_C_UAID_E073E7CB7D4AFA6202_1628402997 Label:BP_VerticalPlatform6 SpatiallyLoaded:1 Bounds:IsValid=true, Min=(X=16450.000 Y=1450.000 Z=0.000), Max=(X=17150.000 Y=2150.000 Z=100.000) RuntimeGrid:None EditorOnly:0 RuntimeOnly:0 HLODRelevant:0 ListedInSceneOutliner:1 IsMainWorldOnly:0
 |   |   |- [+] [ 30]
 |   |   |   |- Guid:EC4E0C944CE6AC6E784BC6BB2916EA13 BaseClass: NativeClass:/Script/Engine.StaticMeshActor Name:StaticMeshActor_UAID_A4AE111137DC5EFB00_1110535423 Label:SM_SkySphere SpatiallyLoaded:0 Bounds:IsValid=true, Min=(X=-1638400.000 Y=-1638400.000 Z=-1638400.000), Max=(X=1638400.000 Y=1638400.000 Z=1638400.000) RuntimeGrid:None EditorOnly:0 RuntimeOnly:0 HLODRelevant:1 ListedInSceneOutliner:1 IsMainWorldOnly:0 FolderPath:Lighting FolderGuid:963EC3EB4002CCE9759E2EBA541A873A
 |   |   |- [+] [ 31]
 |   |   |   |- Guid:F320B66C43061F080E8458A8DB2A807F BaseClass:/Game/Blueprints/BP_VerticalPlatform.BP_VerticalPlatform_C NativeClass:/Script/Engine.Actor Name:BP_VerticalPlatform_C_UAID_E073E7CB7D4AFA6202_1608458995 Label:BP_VerticalPlatform4 SpatiallyLoaded:1 Bounds:IsValid=true, Min=(X=14440.000 Y=1450.000 Z=0.000), Max=(X=15140.000 Y=2150.000 Z=100.000) RuntimeGrid:None EditorOnly:0 RuntimeOnly:0 HLODRelevant:0 ListedInSceneOutliner:1 IsMainWorldOnly:0
 |   |   |- [+] [ 32]
 |   |   |   |- Guid:F4F58C5B4F3A9B88649EF09CF4C53A5A BaseClass:/Game/Blueprints/BP_VerticalPlatform.BP_VerticalPlatform_C NativeClass:/Script/Engine.Actor Name:BP_VerticalPlatform_C_UAID_E073E7CB7D4AFA6202_1608456994 Label:BP_VerticalPlatform3 SpatiallyLoaded:1 Bounds:IsValid=true, Min=(X=13500.000 Y=1450.000 Z=-680.000), Max=(X=14200.000 Y=2150.000 Z=-580.000) RuntimeGrid:None EditorOnly:0 RuntimeOnly:0 HLODRelevant:0 ListedInSceneOutliner:1 IsMainWorldOnly:0
 |   |   |- [+] [ 33]
 |   |   |   |- Guid:F5E3FEB3450C49844FD93DA8E083C8AD BaseClass: NativeClass:/Script/Engine.PostProcessVolume Name:PostProcessVolume_0 Label:PostProcessVolume SpatiallyLoaded:0 Bounds:IsValid=true, Min=(X=0.000 Y=0.000 Z=400.000), Max=(X=200.000 Y=200.000 Z=600.000) RuntimeGrid:None EditorOnly:0 RuntimeOnly:0 HLODRelevant:0 ListedInSceneOutliner:1 IsMainWorldOnly:0 FolderPath:Lighting FolderGuid:963EC3EB4002CCE9759E2EBA541A873A
 |- ContainerInstances:
 |- [+] MainContainer:
 |   |-        ID: 00000000000000000000000000000000
 |   |-  ParentID: 00000000000000000000000000000000
 |   |-    Bounds: IsValid=false, Min=(X=0.000 Y=0.000 Z=0.000), Max=(X=0.000 Y=0.000 Z=0.000)
 |   |- Transform: 0.000000,0.000000,0.000000|0.000000,0.000000,-0.000000|1.000000,1.000000,1.000000
 |   |- Container: /Game/ThirdPerson/Maps/ThirdPersonMap
----------------------------------------------------------------------------------------------------------------
ThirdPersonMap - Persistent Level
----------------------------------------------------------------------------------------------------------------
[+] Content of ThirdPersonMap Persistent Level
 |- Always loaded Actor Count: 36 
 |- Actor Path: /Game/ThirdPerson/Maps/ThirdPersonMap.ThirdPersonMap:PersistentLevel.AmbientSound_UAID_E073E7CB7D4A8D6402_1808284911
 |- Actor Package: /Game/__ExternalActors__/ThirdPerson/Maps/ThirdPersonMap/8/PI/FTX704X2FJB1PA0BC4YQXG
 |- Actor Path: /Game/ThirdPerson/Maps/ThirdPersonMap.ThirdPersonMap:PersistentLevel.BP_FinishLine1_C_UAID_E073E7CB7D4AFF6302_1875450920
 |- Actor Package: /Game/__ExternalActors__/ThirdPerson/Maps/ThirdPersonMap/A/2J/7JKRR4UGKFV8E2T8I5EIAN
 |- Actor Path: /Game/ThirdPerson/Maps/ThirdPersonMap.ThirdPersonMap:PersistentLevel.BP_FinishLine2_C_UAID_E073E7CB7D4AFF6302_1880039921
 |- Actor Package: /Game/__ExternalActors__/ThirdPerson/Maps/ThirdPersonMap/8/T8/JJ0NDJHRL4EYB0BKDJ3S67
 |- Actor Path: /Game/ThirdPerson/Maps/ThirdPersonMap.ThirdPersonMap:PersistentLevel.BP_HorizontalPlatform_C_UAID_E073E7CB7D4A696202_2105030464
 |- Actor Package: /Game/__ExternalActors__/ThirdPerson/Maps/ThirdPersonMap/E/IS/1O6I4R7CBTZR93GHLOG7O3
 |- Actor Path: /Game/ThirdPerson/Maps/ThirdPersonMap.ThirdPersonMap:PersistentLevel.BP_HorizontalPlatform_C_UAID_E073E7CB7D4A6B6202_1162651819
 |- Actor Package: /Game/__ExternalActors__/ThirdPerson/Maps/ThirdPersonMap/4/WV/KCJVNSHO8OZYLQ3898D6YY
 |- Actor Path: /Game/ThirdPerson/Maps/ThirdPersonMap.ThirdPersonMap:PersistentLevel.BP_HorizontalPlatform_C_UAID_E073E7CB7D4AF96202_1658105807
 |- Actor Package: /Game/__ExternalActors__/ThirdPerson/Maps/ThirdPersonMap/E/5U/8MLSOAKPSCLU50RC2AHN32
 |- Actor Path: /Game/ThirdPerson/Maps/ThirdPersonMap.ThirdPersonMap:PersistentLevel.BP_HorizontalPlatform_C_UAID_E073E7CB7D4AF96202_1658113808
 |- Actor Package: /Game/__ExternalActors__/ThirdPerson/Maps/ThirdPersonMap/D/PK/08SLP0CZDLHMY36BE5T7K9
 |- Actor Path: /Game/ThirdPerson/Maps/ThirdPersonMap.ThirdPersonMap:PersistentLevel.BP_HorizontalPlatform_C_UAID_E073E7CB7D4AF96202_1661441809
 |- Actor Package: /Game/__ExternalActors__/ThirdPerson/Maps/ThirdPersonMap/9/RZ/NMUB7VSTICP82I61KMD36S
 |- Actor Path: /Game/ThirdPerson/Maps/ThirdPersonMap.ThirdPersonMap:PersistentLevel.BP_HorizontalPlatform_C_UAID_E073E7CB7D4AF96202_1661443810
 |- Actor Package: /Game/__ExternalActors__/ThirdPerson/Maps/ThirdPersonMap/1/30/UMP4TA1VCSP34ZKUWXIE5F
 |- Actor Path: /Game/ThirdPerson/Maps/ThirdPersonMap.ThirdPersonMap:PersistentLevel.BP_KillZone_C_UAID_E073E7CB7D4A0B6302_1410024978
 |- Actor Package: /Game/__ExternalActors__/ThirdPerson/Maps/ThirdPersonMap/1/FM/A0HCIP042F28I6AQK38EVF
 |- Actor Path: /Game/ThirdPerson/Maps/ThirdPersonMap.ThirdPersonMap:PersistentLevel.BP_PowerUpSpawner_C_UAID_E073E7CB7D4A4A6402_1074364127
 |- Actor Package: /Game/__ExternalActors__/ThirdPerson/Maps/ThirdPersonMap/2/AO/N5YR9XCWOSCKGSBTL1T2D6
 |- Actor Path: /Game/ThirdPerson/Maps/ThirdPersonMap.ThirdPersonMap:PersistentLevel.BP_SpawnPoint1_C_UAID_E073E7CB7D4A486402_1919629773
 |- Actor Package: /Game/__ExternalActors__/ThirdPerson/Maps/ThirdPersonMap/0/KI/7IJOS8W5EM6UTOZQHTY4KU
 |- Actor Path: /Game/ThirdPerson/Maps/ThirdPersonMap.ThirdPersonMap:PersistentLevel.BP_SpawnPoint2_C_UAID_E073E7CB7D4A486402_1937237774
 |- Actor Package: /Game/__ExternalActors__/ThirdPerson/Maps/ThirdPersonMap/E/SK/YM2FX470S5FPLQJYG7O4NX
 |- Actor Path: /Game/ThirdPerson/Maps/ThirdPersonMap.ThirdPersonMap:PersistentLevel.BP_SpinningBarrel_C_UAID_E073E7CB7D4AFA6202_1890248002
 |- Actor Package: /Game/__ExternalActors__/ThirdPerson/Maps/ThirdPersonMap/2/N1/DLYX2TNVBTPMHB2NYUPJZ9
 |- Actor Path: /Game/ThirdPerson/Maps/ThirdPersonMap.ThirdPersonMap:PersistentLevel.BP_StaticPlatform_C_UAID_E073E7CB7D4A226202_1412182969
 |- Actor Package: /Game/__ExternalActors__/ThirdPerson/Maps/ThirdPersonMap/6/QU/RU3CY6CZGC2ZJOP5DN42TL
 |- Actor Path: /Game/ThirdPerson/Maps/ThirdPersonMap.ThirdPersonMap:PersistentLevel.BP_StaticPlatform_C_UAID_E073E7CB7D4A6B6202_1603780824
 |- Actor Package: /Game/__ExternalActors__/ThirdPerson/Maps/ThirdPersonMap/D/D5/Q3W6B3MB7ZSRVZ7V5CPGZG
 |- Actor Path: /Game/ThirdPerson/Maps/ThirdPersonMap.ThirdPersonMap:PersistentLevel.BP_StaticPlatform_C_UAID_E073E7CB7D4AFA6202_1695752000
 |- Actor Package: /Game/__ExternalActors__/ThirdPerson/Maps/ThirdPersonMap/6/9K/P4RUSBO3BKA31X2BLTQZDC
 |- Actor Path: /Game/ThirdPerson/Maps/ThirdPersonMap.ThirdPersonMap:PersistentLevel.BP_StaticPlatform_C_UAID_E073E7CB7D4AFB6202_1563314179
 |- Actor Package: /Game/__ExternalActors__/ThirdPerson/Maps/ThirdPersonMap/3/NL/9US77MLIADGBIO0SG43VE3
 |- Actor Path: /Game/ThirdPerson/Maps/ThirdPersonMap.ThirdPersonMap:PersistentLevel.BP_VerticalPlatform_C_UAID_E073E7CB7D4AFA6202_1352516992
 |- Actor Package: /Game/__ExternalActors__/ThirdPerson/Maps/ThirdPersonMap/B/Z2/HYUYK07C5ROCWWA4H5BL4C
 |- Actor Path: /Game/ThirdPerson/Maps/ThirdPersonMap.ThirdPersonMap:PersistentLevel.BP_VerticalPlatform_C_UAID_E073E7CB7D4AFA6202_1476999993
 |- Actor Package: /Game/__ExternalActors__/ThirdPerson/Maps/ThirdPersonMap/B/EH/EUHE1AZER76KH96IH0J913
 |- Actor Path: /Game/ThirdPerson/Maps/ThirdPersonMap.ThirdPersonMap:PersistentLevel.BP_VerticalPlatform_C_UAID_E073E7CB7D4AFA6202_1608456994
 |- Actor Package: /Game/__ExternalActors__/ThirdPerson/Maps/ThirdPersonMap/7/SG/I3RXP01XMFUGFJC0IU41XY
 |- Actor Path: /Game/ThirdPerson/Maps/ThirdPersonMap.ThirdPersonMap:PersistentLevel.BP_VerticalPlatform_C_UAID_E073E7CB7D4AFA6202_1608458995
 |- Actor Package: /Game/__ExternalActors__/ThirdPerson/Maps/ThirdPersonMap/2/BA/NG3JXJ1J3TQAFMDAZ4ZDXT
 |- Actor Path: /Game/ThirdPerson/Maps/ThirdPersonMap.ThirdPersonMap:PersistentLevel.BP_VerticalPlatform_C_UAID_E073E7CB7D4AFA6202_1628399996
 |- Actor Package: /Game/__ExternalActors__/ThirdPerson/Maps/ThirdPersonMap/7/8W/TJ0SUKMSDJALEXLF4NQNL9
 |- Actor Path: /Game/ThirdPerson/Maps/ThirdPersonMap.ThirdPersonMap:PersistentLevel.BP_VerticalPlatform_C_UAID_E073E7CB7D4AFA6202_1628402997
 |- Actor Package: /Game/__ExternalActors__/ThirdPerson/Maps/ThirdPersonMap/C/LY/EDKC1RDNWDGB4VV2AHNSY3
 |- Actor Path: /Game/ThirdPerson/Maps/ThirdPersonMap.ThirdPersonMap:PersistentLevel.BP_VerticalPlatform_C_UAID_E073E7CB7D4AFA6202_1672137998
 |- Actor Package: /Game/__ExternalActors__/ThirdPerson/Maps/ThirdPersonMap/C/XH/9ZZPG6R3JS0BLMI2SAHNKP
 |- Actor Path: /Game/ThirdPerson/Maps/ThirdPersonMap.ThirdPersonMap:PersistentLevel.BP_VerticalPlatform_C_UAID_E073E7CB7D4AFA6202_1672140999
 |- Actor Package: /Game/__ExternalActors__/ThirdPerson/Maps/ThirdPersonMap/0/DZ/Q6FFUEVJAVGU1TWSUREH4W
 |- Actor Path: /Game/ThirdPerson/Maps/ThirdPersonMap.ThirdPersonMap:PersistentLevel.DirectionalLight_0
 |- Actor Package: /Game/__ExternalActors__/ThirdPerson/Maps/ThirdPersonMap/5/R1/TS5OQ5CRUWFZYL1ZQ7I416
 |- Actor Path: /Game/ThirdPerson/Maps/ThirdPersonMap.ThirdPersonMap:PersistentLevel.ExponentialHeightFog_0
 |- Actor Package: /Game/__ExternalActors__/ThirdPerson/Maps/ThirdPersonMap/6/J7/N10XDC9G27EMLS5AGZ6AVV
 |- Actor Path: /Game/ThirdPerson/Maps/ThirdPersonMap.ThirdPersonMap:PersistentLevel.PlayerStart_0
 |- Actor Package: /Game/__ExternalActors__/ThirdPerson/Maps/ThirdPersonMap/D/DE/SWSI13675DVYIZ0N4NF7Y3
 |- Actor Path: /Game/ThirdPerson/Maps/ThirdPersonMap.ThirdPersonMap:PersistentLevel.PostProcessVolume_0
 |- Actor Package: /Game/__ExternalActors__/ThirdPerson/Maps/ThirdPersonMap/1/AZ/A7GPT109Y6ZTTJD4A7TXER
 |- Actor Path: /Game/ThirdPerson/Maps/ThirdPersonMap.ThirdPersonMap:PersistentLevel.SkyAtmosphere_0
 |- Actor Package: /Game/__ExternalActors__/ThirdPerson/Maps/ThirdPersonMap/4/LN/30UBDLYFFA5ZR7U4W4L4GG
 |- Actor Path: /Game/ThirdPerson/Maps/ThirdPersonMap.ThirdPersonMap:PersistentLevel.SkyLight_1
 |- Actor Package: /Game/__ExternalActors__/ThirdPerson/Maps/ThirdPersonMap/8/S1/DXUWD12MD3HRWVVXX076BY
 |- Actor Path: /Game/ThirdPerson/Maps/ThirdPersonMap.ThirdPersonMap:PersistentLevel.StaticMeshActor_UAID_A4AE111137DC5EFB00_1110535423
 |- Actor Package: /Game/__ExternalActors__/ThirdPerson/Maps/ThirdPersonMap/4/PN/2QISIGK5DJNQ05US8O8FXW
 |- Actor Path: /Game/ThirdPerson/Maps/ThirdPersonMap.ThirdPersonMap:PersistentLevel.StaticMeshActor_UAID_E073E7CB7D4AFA6202_1189785988
 |- Actor Package: /Game/__ExternalActors__/ThirdPerson/Maps/ThirdPersonMap/0/K7/5QFS870F4FFJE39HXJW05B
 |- Actor Path: /Game/ThirdPerson/Maps/ThirdPersonMap.ThirdPersonMap:PersistentLevel.VolumetricCloud_0
 |- Actor Package: /Game/__ExternalActors__/ThirdPerson/Maps/ThirdPersonMap/3/EY/87SHEJN5UBEAN2K5OV1G6R
 |- Actor Path: /Game/ThirdPerson/Maps/ThirdPersonMap.ThirdPersonMap:PersistentLevel.WorldDataLayers
 |- Actor Package: /Game/__ExternalActors__/ThirdPerson/Maps/ThirdPersonMap/0/43/HYQWORMY4JDQ5X3OKZXFLC

----------------------------------------------------------------------------------------------------------------
ThirdPersonMap - Runtime Hash Set
----------------------------------------------------------------------------------------------------------------

