[+] Containers:
 |- [+] Container: /Game/ThirdPerson/Maps/ThirdPersonMap
 |   |- [+] ActorDescs:
 |   |   |- Guid:168048374C343D97DD114D9F2A264C07 BaseClass:/Game/Blueprints/BP_HorizontalPlatform.BP_HorizontalPlatform_C NativeClass:/Script/Engine.Actor Name:BP_HorizontalPlatform_C_UAID_E073E7CB7D4A6B6202_1162651819 Label:BP_HorizontalPlatform2 SpatiallyLoaded:1 Bounds:IsValid=true, Min=(X=2650.000 Y=1420.000 Z=-40.000), Max=(X=3350.000 Y=2320.000 Z=60.000) RuntimeGrid:None EditorOnly:0 RuntimeOnly:0 HLODRelevant:0 ListedInSceneOutliner:1 IsMainWorldOnly:0
 |   |   |- Guid:2FB58999456391D349DC0F86DAC136ED BaseClass: NativeClass:/Script/Engine.SkyLight Name:SkyLight_1 Label:SkyLight SpatiallyLoaded:0 Bounds:IsValid=true, Min=(X=0.000 Y=0.000 Z=690.000), Max=(X=0.000 Y=0.000 Z=690.000) RuntimeGrid:None EditorOnly:0 RuntimeOnly:0 HLODRelevant:0 ListedInSceneOutliner:1 IsMainWorldOnly:0 FolderPath:Lighting FolderGuid:963EC3EB4002CCE9759E2EBA541A873A
 |   |   |- Guid:316CF2A6494ACA4C0E4180A87D36AB8F BaseClass: NativeClass:/Script/Engine.ExponentialHeightFog Name:ExponentialHeightFog_0 Label:ExponentialHeightFog SpatiallyLoaded:0 Bounds:IsValid=true, Min=(X=-5600.000 Y=-50.000 Z=-6850.000), Max=(X=-5600.000 Y=-50.000 Z=-6850.000) RuntimeGrid:None EditorOnly:0 RuntimeOnly:0 HLODRelevant:0 ListedInSceneOutliner:1 IsMainWorldOnly:0 FolderPath:Lighting FolderGuid:963EC3EB4002CCE9759E2EBA541A873A
 |   |   |- Guid:3A00AA1C422CE54C0BDB60BAF471BFBB BaseClass: NativeClass:/Script/Engine.PlayerStart Name:PlayerStart_0 Label:PlayerStart SpatiallyLoaded:0 Bounds:IsValid=true, Min=(X=-370.000 Y=1910.000 Z=100.013), Max=(X=-290.000 Y=1990.000 Z=284.013) RuntimeGrid:None EditorOnly:0 RuntimeOnly:0 HLODRelevant:0 ListedInSceneOutliner:1 IsMainWorldOnly:0
 |   |   |- Guid:4D3BE93F4146AAAC8BBE79999D96D57F BaseClass: NativeClass:/Script/Engine.VolumetricCloud Name:VolumetricCloud_0 Label:VolumetricCloud SpatiallyLoaded:0 Bounds:IsValid=true, Min=(X=0.000 Y=0.000 Z=820.000), Max=(X=0.000 Y=0.000 Z=820.000) RuntimeGrid:None EditorOnly:0 RuntimeOnly:0 HLODRelevant:0 ListedInSceneOutliner:1 IsMainWorldOnly:0 FolderPath:Lighting FolderGuid:963EC3EB4002CCE9759E2EBA541A873A
 |   |   |- Guid:6BAF4DDD444C60371492D3919DB42C97 BaseClass: NativeClass:/Script/Engine.WorldDataLayers Name:WorldDataLayers Label:WorldDataLayers SpatiallyLoaded:0 Bounds:IsValid=true, Min=(X=0.000 Y=0.000 Z=0.000), Max=(X=0.000 Y=0.000 Z=0.000) RuntimeGrid:None EditorOnly:0 RuntimeOnly:0 HLODRelevant:0 ListedInSceneOutliner:1 IsMainWorldOnly:1
 |   |   |- Guid:7A06AE584226E60D7F73259842B8DB30 BaseClass:/Game/Blueprints/BP_StaticPlatform.BP_StaticPlatform_C NativeClass:/Script/Engine.Actor Name:BP_StaticPlatform_C_UAID_E073E7CB7D4A6B6202_1603780824 Label:BP_StaticPlatform2 SpatiallyLoaded:1 Bounds:IsValid=true, Min=(X=10177.125 Y=650.250 Z=0.000), Max=(X=11102.875 Y=3089.750 Z=100.000) RuntimeGrid:None EditorOnly:0 RuntimeOnly:0 HLODRelevant:0 ListedInSceneOutliner:1 IsMainWorldOnly:0
 |   |   |- Guid:7B47B0E54DE55AFA4E62839D06BB224A BaseClass:/Game/Blueprints/BP_HorizontalPlatform.BP_HorizontalPlatform_C NativeClass:/Script/Engine.Actor Name:BP_HorizontalPlatform_C_UAID_E073E7CB7D4A696202_2105030464 Label:BP_HorizontalPlatform SpatiallyLoaded:1 Bounds:IsValid=true, Min=(X=370.000 Y=1420.000 Z=-40.000), Max=(X=1070.000 Y=2320.000 Z=60.000) RuntimeGrid:None EditorOnly:0 RuntimeOnly:0 HLODRelevant:0 ListedInSceneOutliner:1 IsMainWorldOnly:0
 |   |   |- Guid:848E8A7E4B18F49A0EA86C8A38EAA7FA BaseClass:/Game/Blueprints/BP_HorizontalPlatform.BP_HorizontalPlatform_C NativeClass:/Script/Engine.Actor Name:BP_HorizontalPlatform_C_UAID_E073E7CB7D4A6B6202_1870139828 Label:BP_HorizontalPlatform6 SpatiallyLoaded:1 Bounds:IsValid=true, Min=(X=9060.000 Y=1420.000 Z=-40.000), Max=(X=9760.000 Y=2320.000 Z=60.000) RuntimeGrid:None EditorOnly:0 RuntimeOnly:0 HLODRelevant:0 ListedInSceneOutliner:1 IsMainWorldOnly:0
 |   |   |- Guid:9982AA044D99DBCC509A9285F4421921 BaseClass:/Game/Blueprints/BP_HorizontalPlatform.BP_HorizontalPlatform_C NativeClass:/Script/Engine.Actor Name:BP_HorizontalPlatform_C_UAID_E073E7CB7D4A6B6202_1852401826 Label:BP_HorizontalPlatform4 SpatiallyLoaded:1 Bounds:IsValid=true, Min=(X=5900.000 Y=1420.000 Z=-40.000), Max=(X=6600.000 Y=2320.000 Z=60.000) RuntimeGrid:None EditorOnly:0 RuntimeOnly:0 HLODRelevant:0 ListedInSceneOutliner:1 IsMainWorldOnly:0
 |   |   |- Guid:B785ED2844B84CFB91E7F39FE661CD99 BaseClass: NativeClass:/Script/Engine.DirectionalLight Name:DirectionalLight_0 Label:DirectionalLight SpatiallyLoaded:0 Bounds:Invalid RuntimeGrid:None EditorOnly:0 RuntimeOnly:0 HLODRelevant:0 ListedInSceneOutliner:1 IsMainWorldOnly:0 FolderPath:Lighting FolderGuid:963EC3EB4002CCE9759E2EBA541A873A
 |   |   |- Guid:BB01758B4819484199DE069C4A1A9140 BaseClass:/Game/Blueprints/BP_StaticPlatform.BP_StaticPlatform_C NativeClass:/Script/Engine.Actor Name:BP_StaticPlatform_C_UAID_E073E7CB7D4A226202_1412182969 Label:BP_StaticPlatform SpatiallyLoaded:1 Bounds:IsValid=true, Min=(X=-772.875 Y=650.250 Z=0.000), Max=(X=152.875 Y=3089.750 Z=100.000) RuntimeGrid:None EditorOnly:0 RuntimeOnly:0 HLODRelevant:0 ListedInSceneOutliner:1 IsMainWorldOnly:0
 |   |   |- Guid:CCFF262C46EEFFDF319E7F9539CE697E BaseClass: NativeClass:/Script/Engine.SkyAtmosphere Name:SkyAtmosphere_0 Label:SkyAtmosphere SpatiallyLoaded:0 Bounds:IsValid=true, Min=(X=0.000 Y=0.000 Z=1020.000), Max=(X=0.000 Y=0.000 Z=1020.000) RuntimeGrid:None EditorOnly:0 RuntimeOnly:0 HLODRelevant:0 ListedInSceneOutliner:1 IsMainWorldOnly:0 FolderPath:Lighting FolderGuid:963EC3EB4002CCE9759E2EBA541A873A
 |   |   |- Guid:DEA5FAD64BE8FC9D616A9A919358551F BaseClass:/Game/Blueprints/BP_HorizontalPlatform.BP_HorizontalPlatform_C NativeClass:/Script/Engine.Actor Name:BP_HorizontalPlatform_C_UAID_E073E7CB7D4A6B6202_1852390825 Label:BP_HorizontalPlatform3 SpatiallyLoaded:1 Bounds:IsValid=true, Min=(X=3530.000 Y=1420.000 Z=-40.000), Max=(X=4230.000 Y=2320.000 Z=60.000) RuntimeGrid:None EditorOnly:0 RuntimeOnly:0 HLODRelevant:0 ListedInSceneOutliner:1 IsMainWorldOnly:0
 |   |   |- Guid:EC4E0C944CE6AC6E784BC6BB2916EA13 BaseClass: NativeClass:/Script/Engine.StaticMeshActor Name:StaticMeshActor_UAID_A4AE111137DC5EFB00_1110535423 Label:SM_SkySphere SpatiallyLoaded:0 Bounds:IsValid=true, Min=(X=-1638400.000 Y=-1638400.000 Z=-1638400.000), Max=(X=1638400.000 Y=1638400.000 Z=1638400.000) RuntimeGrid:None EditorOnly:0 RuntimeOnly:0 HLODRelevant:1 ListedInSceneOutliner:1 IsMainWorldOnly:0 FolderPath:Lighting FolderGuid:963EC3EB4002CCE9759E2EBA541A873A
 |   |   |- Guid:F31F45164B331103EB838880CF357DA3 BaseClass:/Game/Blueprints/BP_HorizontalPlatform.BP_HorizontalPlatform_C NativeClass:/Script/Engine.Actor Name:BP_HorizontalPlatform_C_UAID_E073E7CB7D4A6B6202_1870137827 Label:BP_HorizontalPlatform5 SpatiallyLoaded:1 Bounds:IsValid=true, Min=(X=6810.000 Y=1420.000 Z=-40.000), Max=(X=7510.000 Y=2320.000 Z=60.000) RuntimeGrid:None EditorOnly:0 RuntimeOnly:0 HLODRelevant:0 ListedInSceneOutliner:1 IsMainWorldOnly:0
 |   |   |- Guid:F5E3FEB3450C49844FD93DA8E083C8AD BaseClass: NativeClass:/Script/Engine.PostProcessVolume Name:PostProcessVolume_0 Label:PostProcessVolume SpatiallyLoaded:0 Bounds:IsValid=true, Min=(X=0.000 Y=0.000 Z=400.000), Max=(X=200.000 Y=200.000 Z=600.000) RuntimeGrid:None EditorOnly:0 RuntimeOnly:0 HLODRelevant:0 ListedInSceneOutliner:1 IsMainWorldOnly:0 FolderPath:Lighting FolderGuid:963EC3EB4002CCE9759E2EBA541A873A
 |   |- [+] Clusters:
 |   |   |- [+] [  0]
 |   |   |   |- Guid:168048374C343D97DD114D9F2A264C07 BaseClass:/Game/Blueprints/BP_HorizontalPlatform.BP_HorizontalPlatform_C NativeClass:/Script/Engine.Actor Name:BP_HorizontalPlatform_C_UAID_E073E7CB7D4A6B6202_1162651819 Label:BP_HorizontalPlatform2 SpatiallyLoaded:1 Bounds:IsValid=true, Min=(X=2650.000 Y=1420.000 Z=-40.000), Max=(X=3350.000 Y=2320.000 Z=60.000) RuntimeGrid:None EditorOnly:0 RuntimeOnly:0 HLODRelevant:0 ListedInSceneOutliner:1 IsMainWorldOnly:0
 |   |   |- [+] [  1]
 |   |   |   |- Guid:2FB58999456391D349DC0F86DAC136ED BaseClass: NativeClass:/Script/Engine.SkyLight Name:SkyLight_1 Label:SkyLight SpatiallyLoaded:0 Bounds:IsValid=true, Min=(X=0.000 Y=0.000 Z=690.000), Max=(X=0.000 Y=0.000 Z=690.000) RuntimeGrid:None EditorOnly:0 RuntimeOnly:0 HLODRelevant:0 ListedInSceneOutliner:1 IsMainWorldOnly:0 FolderPath:Lighting FolderGuid:963EC3EB4002CCE9759E2EBA541A873A
 |   |   |- [+] [  2]
 |   |   |   |- Guid:316CF2A6494ACA4C0E4180A87D36AB8F BaseClass: NativeClass:/Script/Engine.ExponentialHeightFog Name:ExponentialHeightFog_0 Label:ExponentialHeightFog SpatiallyLoaded:0 Bounds:IsValid=true, Min=(X=-5600.000 Y=-50.000 Z=-6850.000), Max=(X=-5600.000 Y=-50.000 Z=-6850.000) RuntimeGrid:None EditorOnly:0 RuntimeOnly:0 HLODRelevant:0 ListedInSceneOutliner:1 IsMainWorldOnly:0 FolderPath:Lighting FolderGuid:963EC3EB4002CCE9759E2EBA541A873A
 |   |   |- [+] [  3]
 |   |   |   |- Guid:3A00AA1C422CE54C0BDB60BAF471BFBB BaseClass: NativeClass:/Script/Engine.PlayerStart Name:PlayerStart_0 Label:PlayerStart SpatiallyLoaded:0 Bounds:IsValid=true, Min=(X=-370.000 Y=1910.000 Z=100.013), Max=(X=-290.000 Y=1990.000 Z=284.013) RuntimeGrid:None EditorOnly:0 RuntimeOnly:0 HLODRelevant:0 ListedInSceneOutliner:1 IsMainWorldOnly:0
 |   |   |- [+] [  4]
 |   |   |   |- Guid:4D3BE93F4146AAAC8BBE79999D96D57F BaseClass: NativeClass:/Script/Engine.VolumetricCloud Name:VolumetricCloud_0 Label:VolumetricCloud SpatiallyLoaded:0 Bounds:IsValid=true, Min=(X=0.000 Y=0.000 Z=820.000), Max=(X=0.000 Y=0.000 Z=820.000) RuntimeGrid:None EditorOnly:0 RuntimeOnly:0 HLODRelevant:0 ListedInSceneOutliner:1 IsMainWorldOnly:0 FolderPath:Lighting FolderGuid:963EC3EB4002CCE9759E2EBA541A873A
 |   |   |- [+] [  5]
 |   |   |   |- Guid:6BAF4DDD444C60371492D3919DB42C97 BaseClass: NativeClass:/Script/Engine.WorldDataLayers Name:WorldDataLayers Label:WorldDataLayers SpatiallyLoaded:0 Bounds:IsValid=true, Min=(X=0.000 Y=0.000 Z=0.000), Max=(X=0.000 Y=0.000 Z=0.000) RuntimeGrid:None EditorOnly:0 RuntimeOnly:0 HLODRelevant:0 ListedInSceneOutliner:1 IsMainWorldOnly:1
 |   |   |- [+] [  6]
 |   |   |   |- Guid:7A06AE584226E60D7F73259842B8DB30 BaseClass:/Game/Blueprints/BP_StaticPlatform.BP_StaticPlatform_C NativeClass:/Script/Engine.Actor Name:BP_StaticPlatform_C_UAID_E073E7CB7D4A6B6202_1603780824 Label:BP_StaticPlatform2 SpatiallyLoaded:1 Bounds:IsValid=true, Min=(X=10177.125 Y=650.250 Z=0.000), Max=(X=11102.875 Y=3089.750 Z=100.000) RuntimeGrid:None EditorOnly:0 RuntimeOnly:0 HLODRelevant:0 ListedInSceneOutliner:1 IsMainWorldOnly:0
 |   |   |- [+] [  7]
 |   |   |   |- Guid:7B47B0E54DE55AFA4E62839D06BB224A BaseClass:/Game/Blueprints/BP_HorizontalPlatform.BP_HorizontalPlatform_C NativeClass:/Script/Engine.Actor Name:BP_HorizontalPlatform_C_UAID_E073E7CB7D4A696202_2105030464 Label:BP_HorizontalPlatform SpatiallyLoaded:1 Bounds:IsValid=true, Min=(X=370.000 Y=1420.000 Z=-40.000), Max=(X=1070.000 Y=2320.000 Z=60.000) RuntimeGrid:None EditorOnly:0 RuntimeOnly:0 HLODRelevant:0 ListedInSceneOutliner:1 IsMainWorldOnly:0
 |   |   |- [+] [  8]
 |   |   |   |- Guid:848E8A7E4B18F49A0EA86C8A38EAA7FA BaseClass:/Game/Blueprints/BP_HorizontalPlatform.BP_HorizontalPlatform_C NativeClass:/Script/Engine.Actor Name:BP_HorizontalPlatform_C_UAID_E073E7CB7D4A6B6202_1870139828 Label:BP_HorizontalPlatform6 SpatiallyLoaded:1 Bounds:IsValid=true, Min=(X=9060.000 Y=1420.000 Z=-40.000), Max=(X=9760.000 Y=2320.000 Z=60.000) RuntimeGrid:None EditorOnly:0 RuntimeOnly:0 HLODRelevant:0 ListedInSceneOutliner:1 IsMainWorldOnly:0
 |   |   |- [+] [  9]
 |   |   |   |- Guid:9982AA044D99DBCC509A9285F4421921 BaseClass:/Game/Blueprints/BP_HorizontalPlatform.BP_HorizontalPlatform_C NativeClass:/Script/Engine.Actor Name:BP_HorizontalPlatform_C_UAID_E073E7CB7D4A6B6202_1852401826 Label:BP_HorizontalPlatform4 SpatiallyLoaded:1 Bounds:IsValid=true, Min=(X=5900.000 Y=1420.000 Z=-40.000), Max=(X=6600.000 Y=2320.000 Z=60.000) RuntimeGrid:None EditorOnly:0 RuntimeOnly:0 HLODRelevant:0 ListedInSceneOutliner:1 IsMainWorldOnly:0
 |   |   |- [+] [ 10]
 |   |   |   |- Guid:B785ED2844B84CFB91E7F39FE661CD99 BaseClass: NativeClass:/Script/Engine.DirectionalLight Name:DirectionalLight_0 Label:DirectionalLight SpatiallyLoaded:0 Bounds:Invalid RuntimeGrid:None EditorOnly:0 RuntimeOnly:0 HLODRelevant:0 ListedInSceneOutliner:1 IsMainWorldOnly:0 FolderPath:Lighting FolderGuid:963EC3EB4002CCE9759E2EBA541A873A
 |   |   |- [+] [ 11]
 |   |   |   |- Guid:BB01758B4819484199DE069C4A1A9140 BaseClass:/Game/Blueprints/BP_StaticPlatform.BP_StaticPlatform_C NativeClass:/Script/Engine.Actor Name:BP_StaticPlatform_C_UAID_E073E7CB7D4A226202_1412182969 Label:BP_StaticPlatform SpatiallyLoaded:1 Bounds:IsValid=true, Min=(X=-772.875 Y=650.250 Z=0.000), Max=(X=152.875 Y=3089.750 Z=100.000) RuntimeGrid:None EditorOnly:0 RuntimeOnly:0 HLODRelevant:0 ListedInSceneOutliner:1 IsMainWorldOnly:0
 |   |   |- [+] [ 12]
 |   |   |   |- Guid:CCFF262C46EEFFDF319E7F9539CE697E BaseClass: NativeClass:/Script/Engine.SkyAtmosphere Name:SkyAtmosphere_0 Label:SkyAtmosphere SpatiallyLoaded:0 Bounds:IsValid=true, Min=(X=0.000 Y=0.000 Z=1020.000), Max=(X=0.000 Y=0.000 Z=1020.000) RuntimeGrid:None EditorOnly:0 RuntimeOnly:0 HLODRelevant:0 ListedInSceneOutliner:1 IsMainWorldOnly:0 FolderPath:Lighting FolderGuid:963EC3EB4002CCE9759E2EBA541A873A
 |   |   |- [+] [ 13]
 |   |   |   |- Guid:DEA5FAD64BE8FC9D616A9A919358551F BaseClass:/Game/Blueprints/BP_HorizontalPlatform.BP_HorizontalPlatform_C NativeClass:/Script/Engine.Actor Name:BP_HorizontalPlatform_C_UAID_E073E7CB7D4A6B6202_1852390825 Label:BP_HorizontalPlatform3 SpatiallyLoaded:1 Bounds:IsValid=true, Min=(X=3530.000 Y=1420.000 Z=-40.000), Max=(X=4230.000 Y=2320.000 Z=60.000) RuntimeGrid:None EditorOnly:0 RuntimeOnly:0 HLODRelevant:0 ListedInSceneOutliner:1 IsMainWorldOnly:0
 |   |   |- [+] [ 14]
 |   |   |   |- Guid:EC4E0C944CE6AC6E784BC6BB2916EA13 BaseClass: NativeClass:/Script/Engine.StaticMeshActor Name:StaticMeshActor_UAID_A4AE111137DC5EFB00_1110535423 Label:SM_SkySphere SpatiallyLoaded:0 Bounds:IsValid=true, Min=(X=-1638400.000 Y=-1638400.000 Z=-1638400.000), Max=(X=1638400.000 Y=1638400.000 Z=1638400.000) RuntimeGrid:None EditorOnly:0 RuntimeOnly:0 HLODRelevant:1 ListedInSceneOutliner:1 IsMainWorldOnly:0 FolderPath:Lighting FolderGuid:963EC3EB4002CCE9759E2EBA541A873A
 |   |   |- [+] [ 15]
 |   |   |   |- Guid:F31F45164B331103EB838880CF357DA3 BaseClass:/Game/Blueprints/BP_HorizontalPlatform.BP_HorizontalPlatform_C NativeClass:/Script/Engine.Actor Name:BP_HorizontalPlatform_C_UAID_E073E7CB7D4A6B6202_1870137827 Label:BP_HorizontalPlatform5 SpatiallyLoaded:1 Bounds:IsValid=true, Min=(X=6810.000 Y=1420.000 Z=-40.000), Max=(X=7510.000 Y=2320.000 Z=60.000) RuntimeGrid:None EditorOnly:0 RuntimeOnly:0 HLODRelevant:0 ListedInSceneOutliner:1 IsMainWorldOnly:0
 |   |   |- [+] [ 16]
 |   |   |   |- Guid:F5E3FEB3450C49844FD93DA8E083C8AD BaseClass: NativeClass:/Script/Engine.PostProcessVolume Name:PostProcessVolume_0 Label:PostProcessVolume SpatiallyLoaded:0 Bounds:IsValid=true, Min=(X=0.000 Y=0.000 Z=400.000), Max=(X=200.000 Y=200.000 Z=600.000) RuntimeGrid:None EditorOnly:0 RuntimeOnly:0 HLODRelevant:0 ListedInSceneOutliner:1 IsMainWorldOnly:0 FolderPath:Lighting FolderGuid:963EC3EB4002CCE9759E2EBA541A873A
 |- ContainerInstances:
 |- [+] MainContainer:
 |   |-        ID: 00000000000000000000000000000000
 |   |-  ParentID: 00000000000000000000000000000000
 |   |-    Bounds: IsValid=false, Min=(X=0.000 Y=0.000 Z=0.000), Max=(X=0.000 Y=0.000 Z=0.000)
 |   |- Transform: 0.000000,0.000000,0.000000|0.000000,0.000000,-0.000000|1.000000,1.000000,1.000000
 |   |- Container: /Game/ThirdPerson/Maps/ThirdPersonMap
----------------------------------------------------------------------------------------------------------------
ThirdPersonMap - Persistent Level
----------------------------------------------------------------------------------------------------------------
[+] Content of ThirdPersonMap Persistent Level
 |- Always loaded Actor Count: 17 
 |- Actor Path: /Game/ThirdPerson/Maps/ThirdPersonMap.ThirdPersonMap:PersistentLevel.BP_HorizontalPlatform_C_UAID_E073E7CB7D4A696202_2105030464
 |- Actor Package: /Game/__ExternalActors__/ThirdPerson/Maps/ThirdPersonMap/E/IS/1O6I4R7CBTZR93GHLOG7O3
 |- Actor Path: /Game/ThirdPerson/Maps/ThirdPersonMap.ThirdPersonMap:PersistentLevel.BP_HorizontalPlatform_C_UAID_E073E7CB7D4A6B6202_1162651819
 |- Actor Package: /Game/__ExternalActors__/ThirdPerson/Maps/ThirdPersonMap/4/WV/KCJVNSHO8OZYLQ3898D6YY
 |- Actor Path: /Game/ThirdPerson/Maps/ThirdPersonMap.ThirdPersonMap:PersistentLevel.BP_HorizontalPlatform_C_UAID_E073E7CB7D4A6B6202_1852390825
 |- Actor Package: /Game/__ExternalActors__/ThirdPerson/Maps/ThirdPersonMap/4/4B/VE9ZPDIAOY85CDKCIECE9Q
 |- Actor Path: /Game/ThirdPerson/Maps/ThirdPersonMap.ThirdPersonMap:PersistentLevel.BP_HorizontalPlatform_C_UAID_E073E7CB7D4A6B6202_1852401826
 |- Actor Package: /Game/__ExternalActors__/ThirdPerson/Maps/ThirdPersonMap/C/WE/AD7JVCTRLGVCPZ0DH038YY
 |- Actor Path: /Game/ThirdPerson/Maps/ThirdPersonMap.ThirdPersonMap:PersistentLevel.BP_HorizontalPlatform_C_UAID_E073E7CB7D4A6B6202_1870137827
 |- Actor Package: /Game/__ExternalActors__/ThirdPerson/Maps/ThirdPersonMap/7/CC/KE0W0GOGZ0EPKLFCN5QU50
 |- Actor Path: /Game/ThirdPerson/Maps/ThirdPersonMap.ThirdPersonMap:PersistentLevel.BP_HorizontalPlatform_C_UAID_E073E7CB7D4A6B6202_1870139828
 |- Actor Package: /Game/__ExternalActors__/ThirdPerson/Maps/ThirdPersonMap/9/GC/VU16F55RXSDZ6NWJRA1RCR
 |- Actor Path: /Game/ThirdPerson/Maps/ThirdPersonMap.ThirdPersonMap:PersistentLevel.BP_StaticPlatform_C_UAID_E073E7CB7D4A226202_1412182969
 |- Actor Package: /Game/__ExternalActors__/ThirdPerson/Maps/ThirdPersonMap/6/QU/RU3CY6CZGC2ZJOP5DN42TL
 |- Actor Path: /Game/ThirdPerson/Maps/ThirdPersonMap.ThirdPersonMap:PersistentLevel.BP_StaticPlatform_C_UAID_E073E7CB7D4A6B6202_1603780824
 |- Actor Package: /Game/__ExternalActors__/ThirdPerson/Maps/ThirdPersonMap/D/D5/Q3W6B3MB7ZSRVZ7V5CPGZG
 |- Actor Path: /Game/ThirdPerson/Maps/ThirdPersonMap.ThirdPersonMap:PersistentLevel.DirectionalLight_0
 |- Actor Package: /Game/__ExternalActors__/ThirdPerson/Maps/ThirdPersonMap/5/R1/TS5OQ5CRUWFZYL1ZQ7I416
 |- Actor Path: /Game/ThirdPerson/Maps/ThirdPersonMap.ThirdPersonMap:PersistentLevel.ExponentialHeightFog_0
 |- Actor Package: /Game/__ExternalActors__/ThirdPerson/Maps/ThirdPersonMap/6/J7/N10XDC9G27EMLS5AGZ6AVV
 |- Actor Path: /Game/ThirdPerson/Maps/ThirdPersonMap.ThirdPersonMap:PersistentLevel.PlayerStart_0
 |- Actor Package: /Game/__ExternalActors__/ThirdPerson/Maps/ThirdPersonMap/D/DE/SWSI13675DVYIZ0N4NF7Y3
 |- Actor Path: /Game/ThirdPerson/Maps/ThirdPersonMap.ThirdPersonMap:PersistentLevel.PostProcessVolume_0
 |- Actor Package: /Game/__ExternalActors__/ThirdPerson/Maps/ThirdPersonMap/1/AZ/A7GPT109Y6ZTTJD4A7TXER
 |- Actor Path: /Game/ThirdPerson/Maps/ThirdPersonMap.ThirdPersonMap:PersistentLevel.SkyAtmosphere_0
 |- Actor Package: /Game/__ExternalActors__/ThirdPerson/Maps/ThirdPersonMap/4/LN/30UBDLYFFA5ZR7U4W4L4GG
 |- Actor Path: /Game/ThirdPerson/Maps/ThirdPersonMap.ThirdPersonMap:PersistentLevel.SkyLight_1
 |- Actor Package: /Game/__ExternalActors__/ThirdPerson/Maps/ThirdPersonMap/8/S1/DXUWD12MD3HRWVVXX076BY
 |- Actor Path: /Game/ThirdPerson/Maps/ThirdPersonMap.ThirdPersonMap:PersistentLevel.StaticMeshActor_UAID_A4AE111137DC5EFB00_1110535423
 |- Actor Package: /Game/__ExternalActors__/ThirdPerson/Maps/ThirdPersonMap/4/PN/2QISIGK5DJNQ05US8O8FXW
 |- Actor Path: /Game/ThirdPerson/Maps/ThirdPersonMap.ThirdPersonMap:PersistentLevel.VolumetricCloud_0
 |- Actor Package: /Game/__ExternalActors__/ThirdPerson/Maps/ThirdPersonMap/3/EY/87SHEJN5UBEAN2K5OV1G6R
 |- Actor Path: /Game/ThirdPerson/Maps/ThirdPersonMap.ThirdPersonMap:PersistentLevel.WorldDataLayers
 |- Actor Package: /Game/__ExternalActors__/ThirdPerson/Maps/ThirdPersonMap/0/43/HYQWORMY4JDQ5X3OKZXFLC

----------------------------------------------------------------------------------------------------------------
ThirdPersonMap - Runtime Hash Set
----------------------------------------------------------------------------------------------------------------

